Mappings: 4
TOTAL RULE MANIPULATION TIME: 15msec
=====================================================
INSERTIONS
=====================================================
TOTAL INSERTION TIME: 149609msec

=====================================================
DELETIONS
=====================================================
TOTAL DELETION TIME: 38469msec
TOTAL DELTA TIME: 257610msec
Mappings: 4
TOTAL RULE MANIPULATION TIME: 16msec
=====================================================
INSERTIONS
=====================================================
TOTAL INSERTION TIME: 138531msec

=====================================================
DELETIONS
=====================================================
TOTAL DELETION TIME: 38609msec
TOTAL DELTA TIME: 258844msec
Mappings: 4
TOTAL RULE MANIPULATION TIME: 16msec
=====================================================
INSERTIONS
=====================================================
TOTAL INSERTION TIME: 137783msec

=====================================================
DELETIONS
=====================================================
TOTAL DELETION TIME: 38548msec
TOTAL DELTA TIME: 258206msec
