Mappings: 4
TOTAL RULE MANIPULATION TIME: 15msec
=====================================================
INSERTIONS
=====================================================
TOTAL INSERTION TIME: 144073msec

=====================================================
DELETIONS
=====================================================
TOTAL DELETION TIME: 36249msec
TOTAL DELTA TIME: 241929msec
Mappings: 4
TOTAL RULE MANIPULATION TIME: 16msec
=====================================================
INSERTIONS
=====================================================
TOTAL INSERTION TIME: 149873msec

=====================================================
DELETIONS
=====================================================
TOTAL DELETION TIME: 36203msec
TOTAL DELTA TIME: 240435msec
Mappings: 4
TOTAL RULE MANIPULATION TIME: 16msec
=====================================================
INSERTIONS
=====================================================
TOTAL INSERTION TIME: 149593msec

=====================================================
DELETIONS
=====================================================
TOTAL DELETION TIME: 36218msec
TOTAL DELTA TIME: 249717msec
