Mappings: 4
TOTAL RULE MANIPULATION TIME: 16msec
=====================================================
INSERTIONS
=====================================================
TOTAL INSERTION TIME: 121907msec

=====================================================
DELETIONS
=====================================================
TOTAL DELETION TIME: 35655msec
TOTAL DELTA TIME: 211593msec
Mappings: 4
TOTAL RULE MANIPULATION TIME: 31msec
=====================================================
INSERTIONS
=====================================================
TOTAL INSERTION TIME: 123891msec

=====================================================
DELETIONS
=====================================================
TOTAL DELETION TIME: 35688msec
TOTAL DELTA TIME: 217751msec
Mappings: 4
TOTAL RULE MANIPULATION TIME: 31msec
=====================================================
INSERTIONS
=====================================================
TOTAL INSERTION TIME: 128719msec

=====================================================
DELETIONS
=====================================================
TOTAL DELETION TIME: 35641msec
TOTAL DELTA TIME: 219189msec
