Mappings: 3
TOTAL RULE MANIPULATION TIME: 31msec
=====================================================
INSERTIONS
=====================================================
TOTAL INSERTION TIME: 14610msec

=====================================================
DELETIONS
=====================================================
TOTAL DELETION TIME: 18000msec
TOTAL DELTA TIME: 66953msec
Mappings: 3
TOTAL RULE MANIPULATION TIME: 32msec
=====================================================
INSERTIONS
=====================================================
TOTAL INSERTION TIME: 14594msec

=====================================================
DELETIONS
=====================================================
TOTAL DELETION TIME: 17984msec
TOTAL DELTA TIME: 51000msec
Mappings: 3
TOTAL RULE MANIPULATION TIME: 15msec
=====================================================
INSERTIONS
=====================================================
TOTAL INSERTION TIME: 14625msec

=====================================================
DELETIONS
=====================================================
TOTAL DELETION TIME: 17953msec
TOTAL DELTA TIME: 50829msec
Mappings: 3
TOTAL RULE MANIPULATION TIME: 16msec
=====================================================
INSERTIONS
=====================================================
TOTAL INSERTION TIME: 14641msec

=====================================================
DELETIONS
=====================================================
TOTAL DELETION TIME: 17985msec
TOTAL DELTA TIME: 52125msec
