Mappings: 3
TOTAL RULE MANIPULATION TIME: 31msec
=====================================================
INSERTIONS
=====================================================
TOTAL INSERTION TIME: 31095msec

=====================================================
DELETIONS
=====================================================
TOTAL DELETION TIME: 18608msec
TOTAL DELTA TIME: 84984msec
Mappings: 3
TOTAL RULE MANIPULATION TIME: 15msec
=====================================================
INSERTIONS
=====================================================
TOTAL INSERTION TIME: 31294msec

=====================================================
DELETIONS
=====================================================
TOTAL DELETION TIME: 18624msec
TOTAL DELTA TIME: 86088msec
Mappings: 3
TOTAL RULE MANIPULATION TIME: 16msec
=====================================================
INSERTIONS
=====================================================
TOTAL INSERTION TIME: 31216msec

=====================================================
DELETIONS
=====================================================
TOTAL DELETION TIME: 18593msec
TOTAL DELTA TIME: 85683msec
Mappings: 3
TOTAL RULE MANIPULATION TIME: 16msec
=====================================================
INSERTIONS
=====================================================
TOTAL INSERTION TIME: 31203msec

=====================================================
DELETIONS
=====================================================
TOTAL DELETION TIME: 18624msec
TOTAL DELTA TIME: 85733msec
