Mappings: 2
TOTAL RULE MANIPULATION TIME: 15msec
OUR Provenance Deletions
Commit on disconnect
=====================================================
INSERTIONS
=====================================================
SKIP
TOTAL INSERTION TIME: 27688msec

=====================================================
DELETIONS
=====================================================
TOTAL DELETION TIME: 13157msec
Commit on disconnect
TOTAL DELTA TIME: 66297msec
Mappings: 2
TOTAL RULE MANIPULATION TIME: 16msec
OUR Provenance Deletions
Commit on disconnect
=====================================================
INSERTIONS
=====================================================
SKIP
TOTAL INSERTION TIME: 31437msec

=====================================================
DELETIONS
=====================================================
TOTAL DELETION TIME: 12906msec
Commit on disconnect
TOTAL DELTA TIME: 53859msec
