Mappings: 3
TOTAL RULE MANIPULATION TIME: 16msec
=====================================================
INSERTIONS
=====================================================
TOTAL INSERTION TIME: 36095msec

=====================================================
DELETIONS
=====================================================
TOTAL DELETION TIME: 2187msec
TOTAL DELTA TIME: 63330msec
Mappings: 3
TOTAL RULE MANIPULATION TIME: 16msec
=====================================================
INSERTIONS
=====================================================
TOTAL INSERTION TIME: 35579msec

=====================================================
DELETIONS
=====================================================
TOTAL DELETION TIME: 2203msec
TOTAL DELTA TIME: 63345msec
Mappings: 3
TOTAL RULE MANIPULATION TIME: 15msec
=====================================================
INSERTIONS
=====================================================
TOTAL INSERTION TIME: 34938msec

=====================================================
DELETIONS
=====================================================
TOTAL DELETION TIME: 2204msec
TOTAL DELTA TIME: 63783msec
Mappings: 3
TOTAL RULE MANIPULATION TIME: 16msec
=====================================================
INSERTIONS
=====================================================
TOTAL INSERTION TIME: 33423msec

=====================================================
DELETIONS
=====================================================
TOTAL DELETION TIME: 2203msec
TOTAL DELTA TIME: 61189msec
Mappings: 3
TOTAL RULE MANIPULATION TIME: 31msec
=====================================================
INSERTIONS
=====================================================
TOTAL INSERTION TIME: 35392msec

=====================================================
DELETIONS
=====================================================
TOTAL DELETION TIME: 2203msec
TOTAL DELTA TIME: 63361msec
