Mappings: 3
TOTAL RULE MANIPULATION TIME: 31msec
=====================================================
INSERTIONS
=====================================================
TOTAL INSERTION TIME: 5485msec

=====================================================
DELETIONS
=====================================================
TOTAL DELETION TIME: 1937msec
TOTAL DELTA TIME: 30360msec
Mappings: 3
TOTAL RULE MANIPULATION TIME: 32msec
=====================================================
INSERTIONS
=====================================================
TOTAL INSERTION TIME: 5078msec

=====================================================
DELETIONS
=====================================================
TOTAL DELETION TIME: 1937msec
TOTAL DELTA TIME: 28782msec
Mappings: 3
TOTAL RULE MANIPULATION TIME: 16msec
=====================================================
INSERTIONS
=====================================================
TOTAL INSERTION TIME: 5625msec

=====================================================
DELETIONS
=====================================================
TOTAL DELETION TIME: 1954msec
TOTAL DELTA TIME: 29704msec
Mappings: 3
TOTAL RULE MANIPULATION TIME: 15msec
=====================================================
INSERTIONS
=====================================================
TOTAL INSERTION TIME: 5578msec

=====================================================
DELETIONS
=====================================================
TOTAL DELETION TIME: 1937msec
TOTAL DELTA TIME: 31142msec
Mappings: 3
TOTAL RULE MANIPULATION TIME: 15msec
=====================================================
INSERTIONS
=====================================================
TOTAL INSERTION TIME: 5484msec

=====================================================
DELETIONS
=====================================================
TOTAL DELETION TIME: 1937msec
TOTAL DELTA TIME: 28923msec
