Mappings: 3
TOTAL RULE MANIPULATION TIME: 16msec
=====================================================
INSERTIONS
=====================================================
TOTAL INSERTION TIME: 662027msec

=====================================================
DELETIONS
=====================================================
TOTAL DELETION TIME: 25890msec
TOTAL DELTA TIME: 836651msec
Mappings: 3
TOTAL RULE MANIPULATION TIME: 31msec
=====================================================
INSERTIONS
=====================================================
TOTAL INSERTION TIME: 878885msec

=====================================================
DELETIONS
=====================================================
TOTAL DELETION TIME: 37422msec
TOTAL DELTA TIME: 1037244msec
