Mappings: 3
TOTAL RULE MANIPULATION TIME: 31msec
=====================================================
INSERTIONS
=====================================================
TOTAL INSERTION TIME: 5844msec

=====================================================
DELETIONS
=====================================================
TOTAL DELETION TIME: 1907msec
TOTAL DELTA TIME: 29173msec
Mappings: 3
TOTAL RULE MANIPULATION TIME: 31msec
=====================================================
INSERTIONS
=====================================================
TOTAL INSERTION TIME: 6219msec

=====================================================
DELETIONS
=====================================================
TOTAL DELETION TIME: 1906msec
TOTAL DELTA TIME: 29392msec
Mappings: 3
TOTAL RULE MANIPULATION TIME: 31msec
=====================================================
INSERTIONS
=====================================================
TOTAL INSERTION TIME: 5125msec

=====================================================
DELETIONS
=====================================================
TOTAL DELETION TIME: 1906msec
TOTAL DELTA TIME: 29361msec
Mappings: 3
TOTAL RULE MANIPULATION TIME: 31msec
=====================================================
INSERTIONS
=====================================================
TOTAL INSERTION TIME: 5688msec

=====================================================
DELETIONS
=====================================================
TOTAL DELETION TIME: 1922msec
TOTAL DELTA TIME: 29313msec
Mappings: 3
TOTAL RULE MANIPULATION TIME: 31msec
=====================================================
INSERTIONS
=====================================================
TOTAL INSERTION TIME: 5469msec

=====================================================
DELETIONS
=====================================================
TOTAL DELETION TIME: 1922msec
TOTAL DELTA TIME: 28860msec
