Mappings: 3
TOTAL RULE MANIPULATION TIME: 16msec
=====================================================
INSERTIONS
=====================================================
TOTAL INSERTION TIME: 1096726msec

=====================================================
DELETIONS
=====================================================
TOTAL DELETION TIME: 8063msec
TOTAL DELTA TIME: 1140398msec
Mappings: 3
TOTAL RULE MANIPULATION TIME: 31msec
=====================================================
INSERTIONS
=====================================================
TOTAL INSERTION TIME: 852361msec

=====================================================
DELETIONS
=====================================================
TOTAL DELETION TIME: 105802msec
TOTAL DELTA TIME: 1002462msec
Mappings: 3
TOTAL RULE MANIPULATION TIME: 15msec
=====================================================
INSERTIONS
=====================================================
TOTAL INSERTION TIME: 512420msec

=====================================================
DELETIONS
=====================================================
TOTAL DELETION TIME: 22032msec
TOTAL DELTA TIME: 587484msec
Mappings: 3
TOTAL RULE MANIPULATION TIME: 31msec
=====================================================
INSERTIONS
=====================================================
TOTAL INSERTION TIME: 587203msec

=====================================================
DELETIONS
=====================================================
TOTAL DELETION TIME: 21938msec
TOTAL DELTA TIME: 663846msec
