Mappings: 3
TOTAL RULE MANIPULATION TIME: 31msec
=====================================================
INSERTIONS
=====================================================
TOTAL INSERTION TIME: 6812msec

=====================================================
DELETIONS
=====================================================
TOTAL DELETION TIME: 2031msec
TOTAL DELTA TIME: 31110msec
Mappings: 3
TOTAL RULE MANIPULATION TIME: 15msec
=====================================================
INSERTIONS
=====================================================
TOTAL INSERTION TIME: 5625msec

=====================================================
DELETIONS
=====================================================
TOTAL DELETION TIME: 2016msec
TOTAL DELTA TIME: 28689msec
Mappings: 3
TOTAL RULE MANIPULATION TIME: 31msec
=====================================================
INSERTIONS
=====================================================
TOTAL INSERTION TIME: 5500msec

=====================================================
DELETIONS
=====================================================
TOTAL DELETION TIME: 2031msec
TOTAL DELTA TIME: 29126msec
Mappings: 3
TOTAL RULE MANIPULATION TIME: 16msec
=====================================================
INSERTIONS
=====================================================
TOTAL INSERTION TIME: 5360msec

=====================================================
DELETIONS
=====================================================
TOTAL DELETION TIME: 2031msec
TOTAL DELTA TIME: 29126msec
Mappings: 3
TOTAL RULE MANIPULATION TIME: 31msec
=====================================================
INSERTIONS
=====================================================
TOTAL INSERTION TIME: 5360msec

=====================================================
DELETIONS
=====================================================
TOTAL DELETION TIME: 2016msec
TOTAL DELTA TIME: 28673msec
