Mappings: 3
TOTAL RULE MANIPULATION TIME: 32msec
=====================================================
INSERTIONS
=====================================================
TOTAL INSERTION TIME: 857957msec

=====================================================
DELETIONS
=====================================================
TOTAL DELETION TIME: 136940msec
TOTAL DELTA TIME: 1029788msec
Mappings: 3
TOTAL RULE MANIPULATION TIME: 16msec
=====================================================
INSERTIONS
=====================================================
TOTAL INSERTION TIME: 634259msec

=====================================================
DELETIONS
=====================================================
TOTAL DELETION TIME: 11890msec
TOTAL DELTA TIME: 700883msec
Mappings: 3
TOTAL RULE MANIPULATION TIME: 15msec
=====================================================
INSERTIONS
=====================================================
TOTAL INSERTION TIME: 511856msec

=====================================================
DELETIONS
=====================================================
TOTAL DELETION TIME: 23422msec
TOTAL DELTA TIME: 597559msec
