Mappings: 2
TOTAL RULE MANIPULATION TIME: 16msec
DRed Deletions
Commit on disconnect
=====================================================
INSERTIONS
=====================================================
SKIP
TOTAL INSERTION TIME: 13625msec

=====================================================
DELETIONS
=====================================================
TOTAL DELETION TIME: 6140msec
Commit on disconnect
TOTAL DELTA TIME: 47906msec
Mappings: 2
TOTAL RULE MANIPULATION TIME: 16msec
DRed Deletions
Commit on disconnect
=====================================================
INSERTIONS
=====================================================
SKIP
TOTAL INSERTION TIME: 16922msec

=====================================================
DELETIONS
=====================================================
TOTAL DELETION TIME: 6516msec
Commit on disconnect
TOTAL DELTA TIME: 33813msec
