Mappings: 3
TOTAL RULE MANIPULATION TIME: 16msec
=====================================================
INSERTIONS
=====================================================
TOTAL INSERTION TIME: 28782msec

=====================================================
DELETIONS
=====================================================
TOTAL DELETION TIME: 20047msec
TOTAL DELTA TIME: 154955msec
Mappings: 3
TOTAL RULE MANIPULATION TIME: 16msec
=====================================================
INSERTIONS
=====================================================
TOTAL INSERTION TIME: 31298msec

=====================================================
DELETIONS
=====================================================
TOTAL DELETION TIME: 19719msec
TOTAL DELTA TIME: 91547msec
Mappings: 3
TOTAL RULE MANIPULATION TIME: 31msec
=====================================================
INSERTIONS
=====================================================
TOTAL INSERTION TIME: 31219msec

=====================================================
DELETIONS
=====================================================
TOTAL DELETION TIME: 19641msec
TOTAL DELTA TIME: 93423msec
