Mappings: 3
TOTAL RULE MANIPULATION TIME: 16msec
=====================================================
INSERTIONS
=====================================================
TOTAL INSERTION TIME: 31328msec

=====================================================
DELETIONS
=====================================================
TOTAL DELETION TIME: 18125msec
TOTAL DELTA TIME: 87641msec
Mappings: 3
TOTAL RULE MANIPULATION TIME: 16msec
=====================================================
INSERTIONS
=====================================================
TOTAL INSERTION TIME: 31437msec

=====================================================
DELETIONS
=====================================================
TOTAL DELETION TIME: 18188msec
TOTAL DELTA TIME: 87891msec
Mappings: 3
TOTAL RULE MANIPULATION TIME: 15msec
=====================================================
INSERTIONS
=====================================================
TOTAL INSERTION TIME: 31329msec

=====================================================
DELETIONS
=====================================================
TOTAL DELETION TIME: 18156msec
TOTAL DELTA TIME: 87610msec
